<?xml version="1.0" encoding="UTF-8"?>
<testng-results skipped="0" failed="0" total="1" passed="1">
  <reporter-output>
  </reporter-output>
  <suite name="Default suite" duration-ms="128316" started-at="2019-12-21T12:11:23Z" finished-at="2019-12-21T12:13:31Z">
    <groups>
    </groups>
    <test name="Default test" duration-ms="128316" started-at="2019-12-21T12:11:23Z" finished-at="2019-12-21T12:13:31Z">
      <class name="pom.irctc.testcases.TC001">
        <test-method status="PASS" signature="beforeSuite()[pri:0, instance:pom.irctc.testcases.TC001@1975490]" name="beforeSuite" is-config="true" duration-ms="1802" started-at="2019-12-21T17:41:21Z" finished-at="2019-12-21T17:41:23Z">
          <reporter-output>
          </reporter-output>
        </test-method> <!-- beforeSuite -->
        <test-method status="PASS" signature="beforeTest()[pri:0, instance:pom.irctc.testcases.TC001@1975490]" name="beforeTest" is-config="true" duration-ms="1" started-at="2019-12-21T17:41:23Z" finished-at="2019-12-21T17:41:23Z">
          <reporter-output>
          </reporter-output>
        </test-method> <!-- beforeTest -->
        <test-method status="PASS" signature="beforeClass()[pri:0, instance:pom.irctc.testcases.TC001@1975490]" name="beforeClass" is-config="true" duration-ms="1" started-at="2019-12-21T17:41:23Z" finished-at="2019-12-21T17:41:23Z">
          <reporter-output>
          </reporter-output>
        </test-method> <!-- beforeClass -->
        <test-method status="PASS" signature="launchIrctc()[pri:0, instance:pom.irctc.testcases.TC001@1975490]" name="launchIrctc" is-config="true" duration-ms="18088" started-at="2019-12-21T17:41:23Z" finished-at="2019-12-21T17:41:41Z">
          <reporter-output>
          </reporter-output>
        </test-method> <!-- launchIrctc -->
        <test-method status="PASS" signature="irctcSignUp()[pri:0, instance:pom.irctc.testcases.TC001@1975490]" name="irctcSignUp" duration-ms="108523" started-at="2019-12-21T17:41:41Z" finished-at="2019-12-21T17:43:29Z">
          <reporter-output>
          </reporter-output>
        </test-method> <!-- irctcSignUp -->
        <test-method status="PASS" signature="closeIrctc()[pri:0, instance:pom.irctc.testcases.TC001@1975490]" name="closeIrctc" is-config="true" duration-ms="1669" started-at="2019-12-21T17:43:29Z" finished-at="2019-12-21T17:43:31Z">
          <reporter-output>
          </reporter-output>
        </test-method> <!-- closeIrctc -->
        <test-method status="PASS" signature="afterClass()[pri:0, instance:pom.irctc.testcases.TC001@1975490]" name="afterClass" is-config="true" duration-ms="0" started-at="2019-12-21T17:43:31Z" finished-at="2019-12-21T17:43:31Z">
          <reporter-output>
          </reporter-output>
        </test-method> <!-- afterClass -->
        <test-method status="PASS" signature="afterTest()[pri:0, instance:pom.irctc.testcases.TC001@1975490]" name="afterTest" is-config="true" duration-ms="0" started-at="2019-12-21T17:43:31Z" finished-at="2019-12-21T17:43:31Z">
          <reporter-output>
          </reporter-output>
        </test-method> <!-- afterTest -->
        <test-method status="PASS" signature="afterSuite()[pri:0, instance:pom.irctc.testcases.TC001@1975490]" name="afterSuite" is-config="true" duration-ms="1166" started-at="2019-12-21T17:43:32Z" finished-at="2019-12-21T17:43:33Z">
          <reporter-output>
          </reporter-output>
        </test-method> <!-- afterSuite -->
      </class> <!-- pom.irctc.testcases.TC001 -->
    </test> <!-- Default test -->
  </suite> <!-- Default suite -->
</testng-results>
